<?xml version="1.0" encoding="UTF-8"?>
<!-- Generated by org.testng.reporters.JUnitReportReporter -->
<testsuite hostname="HamzehAbuAmer" failures="1" tests="11" name="almosaferProject.myTestCases" time="18.914" errors="0" timestamp="2024-06-25T04:23:00 EET" skipped="6">
  <testcase classname="almosaferProject.myTestCases" name="ChangeTheLanguageOfTheWebSiteRandomly" time="1.881"/>
  <system-out/>
  <testcase classname="almosaferProject.myTestCases" name="searchForHotelsRandomly" time="0.388"/>
  <system-out/>
  <testcase classname="almosaferProject.myTestCases" name="SelectNumberOfPeople" time="5.921"/>
  <system-out/>
  <testcase classname="almosaferProject.myTestCases" name="checkPageFullyLoaded" time="9.751"/>
  <system-out/>
  <testcase classname="almosaferProject.myTestCases" name="sortItems" time="0.973">
    <failure message="expected [true] but found [false]" type="java.lang.AssertionError">
      <![CDATA[java.lang.AssertionError: expected [true] but found [false]
at org.testng.Assert.fail(Assert.java:99)
at org.testng.Assert.failNotEquals(Assert.java:1037)
at org.testng.Assert.assertEqualsImpl(Assert.java:140)
at org.testng.Assert.assertEquals(Assert.java:122)
at org.testng.Assert.assertEquals(Assert.java:819)
at org.testng.Assert.assertEquals(Assert.java:829)
at almosaferProject.myTestCases.sortItems(myTestCases.java:188)
at java.base/jdk.internal.reflect.NativeMethodAccessorImpl.invoke0(Native Method)
at java.base/jdk.internal.reflect.NativeMethodAccessorImpl.invoke(NativeMethodAccessorImpl.java:77)
at java.base/jdk.internal.reflect.DelegatingMethodAccessorImpl.invoke(DelegatingMethodAccessorImpl.java:43)
at java.base/java.lang.reflect.Method.invoke(Method.java:568)
at org.testng.internal.MethodInvocationHelper.invokeMethod(MethodInvocationHelper.java:133)
at org.testng.internal.TestInvoker.invokeMethod(TestInvoker.java:598)
at org.testng.internal.TestInvoker.invokeTestMethod(TestInvoker.java:173)
at org.testng.internal.MethodRunner.runInSequence(MethodRunner.java:46)
at org.testng.internal.TestInvoker$MethodInvocationAgent.invoke(TestInvoker.java:824)
at org.testng.internal.TestInvoker.invokeTestMethods(TestInvoker.java:146)
at org.testng.internal.TestMethodWorker.invokeTestMethods(TestMethodWorker.java:146)
at org.testng.internal.TestMethodWorker.run(TestMethodWorker.java:128)
at java.base/java.util.ArrayList.forEach(ArrayList.java:1511)
at org.testng.TestRunner.privateRun(TestRunner.java:794)
at org.testng.TestRunner.run(TestRunner.java:596)
at org.testng.SuiteRunner.runTest(SuiteRunner.java:377)
at org.testng.SuiteRunner.runSequentially(SuiteRunner.java:371)
at org.testng.SuiteRunner.privateRun(SuiteRunner.java:332)
at org.testng.SuiteRunner.run(SuiteRunner.java:276)
at org.testng.SuiteRunnerWorker.runSuite(SuiteRunnerWorker.java:53)
at org.testng.SuiteRunnerWorker.run(SuiteRunnerWorker.java:96)
at org.testng.TestNG.runSuitesSequentially(TestNG.java:1212)
at org.testng.TestNG.runSuitesLocally(TestNG.java:1134)
at org.testng.TestNG.runSuites(TestNG.java:1063)
at org.testng.TestNG.run(TestNG.java:1031)
at org.testng.remote.AbstractRemoteTestNG.run(AbstractRemoteTestNG.java:115)
at org.testng.remote.RemoteTestNG.initAndRun(RemoteTestNG.java:293)
at org.testng.remote.RemoteTestNG.main(RemoteTestNG.java:91)
]]>
    </failure>
  </testcase> <!-- sortItems -->
  <system-out/>
  <testcase classname="almosaferProject.myTestCases" name="CheckTheCurrency">
    <skipped/>
  </testcase> <!-- CheckTheCurrency -->
  <system-out/>
  <testcase classname="almosaferProject.myTestCases" name="CheckQetafLogeIsDesplyed">
    <skipped/>
  </testcase> <!-- CheckQetafLogeIsDesplyed -->
  <system-out/>
  <testcase classname="almosaferProject.myTestCases" name="CheckThelanguage">
    <skipped/>
  </testcase> <!-- CheckThelanguage -->
  <system-out/>
  <testcase classname="almosaferProject.myTestCases" name="checkHotelsTabIsNotSelected">
    <skipped/>
  </testcase> <!-- checkHotelsTabIsNotSelected -->
  <system-out/>
  <testcase classname="almosaferProject.myTestCases" name="CheckTheContactNubmer">
    <skipped/>
  </testcase> <!-- CheckTheContactNubmer -->
  <system-out/>
  <testcase classname="almosaferProject.myTestCases" name="CheckDepatureAndReturnDate">
    <skipped/>
  </testcase> <!-- CheckDepatureAndReturnDate -->
  <system-out/>
</testsuite> <!-- almosaferProject.myTestCases -->
